L'extension « XFIG Input » n'a pas été chargée, car une dépendance est manquante.
Dépendance:
	type: executable
	emplacement: chemin
	chaîne: fig2dev

L'extension « GIMP XCF » n'a pas été chargée, car une dépendance est manquante.
Dépendance:
	type: executable
	emplacement: chemin
	chaîne: gimp

L'extension « Export to PDF via Scribus » n'a pas été chargée, car une dépendance est manquante.
Dépendance:
	type: executable
	emplacement: chemin
	chaîne: scribus

L'extension « Optimized PNG » n'a pas été chargée, car une dépendance est manquante.
Dépendance:
	type: executable
	emplacement: chemin
	chaîne: optipng

L'extension « Formula (pdflatex) » n'a pas été chargée, car une dépendance est manquante.
Dépendance:
	type: executable
	emplacement: chemin
	chaîne: pdflatex

L'extension « PostScript Input » n'a pas été chargée, car une dépendance est manquante.
Dépendance:
	type: executable
	emplacement: chemin
	chaîne: ps2pdf

L'extension « EPS Input » n'a pas été chargée, car une dépendance est manquante.
Dépendance:
	type: executable
	emplacement: chemin
	chaîne: ps2pdf

L'extension « Plot » n'a pas été chargée, car une dépendance est manquante.
Dépendance:
	type: file
	emplacement: inx
	chaîne: hpgl_decoder.py

